<?xml version="1.0" encoding="UTF-8"?>
<!-- Generated by org.testng.reporters.JUnitReportReporter -->
<testsuite hostname="HMECL001051" name="net.phptravels.tests.NewAdmin" tests="1" failures="0" timestamp="8 Aug 2016 18:20:09 GMT" time="40.505" errors="0">
  <testcase name="Test1" time="40.505" classname="net.phptravels.tests.NewAdmin"/>
</testsuite> <!-- net.phptravels.tests.NewAdmin -->
